<?xml version="1.0" encoding="UTF-8"?>
<!-- Generated by org.testng.reporters.JUnitXMLReporter -->
<testsuite ignored="0" hostname="DESKTOP-2BENLPR" failures="2" tests="4" name="PetTests" time="23.354" errors="0" timestamp="2024-04-12T17:41:16 IST">
  <testcase classname="api_test.UserTests2" name="testPostUser" time="0.081">
    <failure type="java.util.MissingResourceException" message="Can&amp;apos;t find resource for bundle java.util.PropertyResourceBundle, key postURL">
      <![CDATA[java.util.MissingResourceException: Can't find resource for bundle java.util.PropertyResourceBundle, key postURL
at java.base/java.util.ResourceBundle.getObject(ResourceBundle.java:566)
at java.base/java.util.ResourceBundle.getString(ResourceBundle.java:522)
at api_endpoints.UserEndpoints2.createUser(UserEndpoints2.java:25)
at api_test.UserTests2.testPostUser(UserTests2.java:48)
at java.base/java.util.ArrayList.forEach(ArrayList.java:1597)
... Removed 29 stack frames]]>
    </failure>
  </testcase> <!-- testPostUser -->
  <testcase classname="api_test.UserTests2" name="testGetUserByName" time="10.787">
    <failure type="java.lang.AssertionError" message="expected [200] but found [404]">
      <![CDATA[java.lang.AssertionError: expected [200] but found [404]
at api_test.UserTests2.testGetUserByName(UserTests2.java:64)
at java.base/java.util.ArrayList.forEach(ArrayList.java:1597)
... Removed 35 stack frames]]>
    </failure>
  </testcase> <!-- testGetUserByName -->
  <testcase classname="api_test.UserTests2" name="testUpdateUserByName" time="4.127"/>
  <testcase classname="api_test.UserTests2" name="testDeleteUserByName" time="1.202"/>
</testsuite> <!-- PetTests -->
