<?xml version="1.0" encoding="UTF-8"?>
<!-- Generated by org.testng.reporters.JUnitXMLReporter -->
<testsuite ignored="0" hostname="DESKTOP-2BENLPR" failures="2" tests="4" name="PetTests" time="15.856" errors="0" timestamp="2024-04-10T13:23:17 IST">
  <testcase classname="api_test.UserTests2" name="testPostUser" time="0.067">
    <failure type="java.util.MissingResourceException" message="Can&amp;apos;t find resource for bundle java.util.PropertyResourceBundle, key postURL">
      <![CDATA[java.util.MissingResourceException: Can't find resource for bundle java.util.PropertyResourceBundle, key postURL
at java.base/java.util.ResourceBundle.getObject(ResourceBundle.java:570)
at java.base/java.util.ResourceBundle.getString(ResourceBundle.java:527)
at api_endpoints.UserEndpoints2.createUser(UserEndpoints2.java:25)
at api_test.UserTests2.testPostUser(UserTests2.java:48)
at java.base/java.util.ArrayList.forEach(ArrayList.java:1511)
... Removed 25 stack frames]]>
    </failure>
  </testcase> <!-- testPostUser -->
  <testcase classname="api_test.UserTests2" name="testGetUserByName" time="7.413">
    <failure type="java.lang.AssertionError" message="expected [200] but found [404]">
      <![CDATA[java.lang.AssertionError: expected [200] but found [404]
at api_test.UserTests2.testGetUserByName(UserTests2.java:64)
at java.base/java.util.ArrayList.forEach(ArrayList.java:1511)
... Removed 31 stack frames]]>
    </failure>
  </testcase> <!-- testGetUserByName -->
  <testcase classname="api_test.UserTests2" name="testUpdateUserByName" time="4.155"/>
  <testcase classname="api_test.UserTests2" name="testDeleteUserByName" time="1.217"/>
</testsuite> <!-- PetTests -->
